{"/Users/egor/Documents/GitHub/stellar-burgers/src/services/slices/constructorSlice.ts": {"path":"/Users/egor/Documents/GitHub/stellar-burgers/src/services/slices/constructorSlice.ts","statementMap":{"0":{"start":{"line":14,"column":40},"end":{"line":20,"column":1}},"1":{"start":{"line":22,"column":27},"end":{"line":31,"column":1}},"2":{"start":{"line":25,"column":17},"end":{"line":25,"column":52}},"3":{"start":{"line":26,"column":4},"end":{"line":29,"column":16}},"4":{"start":{"line":33,"column":25},"end":{"line":97,"column":2}},"5":{"start":{"line":39,"column":27},"end":{"line":39,"column":41}},"6":{"start":{"line":40,"column":8},"end":{"line":44,"column":9}},"7":{"start":{"line":41,"column":10},"end":{"line":41,"column":33}},"8":{"start":{"line":43,"column":10},"end":{"line":43,"column":45}},"9":{"start":{"line":46,"column":45},"end":{"line":51,"column":7}},"10":{"start":{"line":54,"column":6},"end":{"line":56,"column":8}},"11":{"start":{"line":55,"column":24},"end":{"line":55,"column":56}},"12":{"start":{"line":62,"column":37},"end":{"line":62,"column":51}},"13":{"start":{"line":63,"column":6},"end":{"line":70,"column":7}},"14":{"start":{"line":69,"column":8},"end":{"line":69,"column":15}},"15":{"start":{"line":71,"column":22},"end":{"line":71,"column":60}},"16":{"start":{"line":72,"column":6},"end":{"line":72,"column":50}},"17":{"start":{"line":75,"column":6},"end":{"line":75,"column":34}},"18":{"start":{"line":76,"column":6},"end":{"line":76,"column":30}},"19":{"start":{"line":80,"column":4},"end":{"line":95,"column":9}},"20":{"start":{"line":82,"column":8},"end":{"line":82,"column":34}},"21":{"start":{"line":83,"column":8},"end":{"line":83,"column":36}},"22":{"start":{"line":84,"column":8},"end":{"line":84,"column":32}},"23":{"start":{"line":87,"column":8},"end":{"line":87,"column":35}},"24":{"start":{"line":88,"column":8},"end":{"line":88,"column":46}},"25":{"start":{"line":89,"column":8},"end":{"line":89,"column":25}},"26":{"start":{"line":90,"column":8},"end":{"line":90,"column":31}},"27":{"start":{"line":93,"column":8},"end":{"line":93,"column":35}},"28":{"start":{"line":94,"column":8},"end":{"line":94,"column":79}},"29":{"start":{"line":104,"column":4},"end":{"line":104,"column":28}}},"fnMap":{"0":{"name":"(anonymous_0)","decl":{"start":{"line":24,"column":2},"end":{"line":24,"column":3}},"loc":{"start":{"line":24,"column":37},"end":{"line":30,"column":3}},"line":24},"1":{"name":"(anonymous_1)","decl":{"start":{"line":38,"column":15},"end":{"line":38,"column":16}},"loc":{"start":{"line":38,"column":73},"end":{"line":45,"column":7}},"line":38},"2":{"name":"(anonymous_2)","decl":{"start":{"line":46,"column":15},"end":{"line":46,"column":16}},"loc":{"start":{"line":46,"column":45},"end":{"line":51,"column":7}},"line":46},"3":{"name":"(anonymous_3)","decl":{"start":{"line":53,"column":22},"end":{"line":53,"column":23}},"loc":{"start":{"line":53,"column":64},"end":{"line":57,"column":5}},"line":53},"4":{"name":"(anonymous_4)","decl":{"start":{"line":55,"column":8},"end":{"line":55,"column":9}},"loc":{"start":{"line":55,"column":24},"end":{"line":55,"column":56}},"line":55},"5":{"name":"(anonymous_5)","decl":{"start":{"line":58,"column":20},"end":{"line":58,"column":21}},"loc":{"start":{"line":61,"column":9},"end":{"line":73,"column":5}},"line":61},"6":{"name":"(anonymous_6)","decl":{"start":{"line":74,"column":21},"end":{"line":74,"column":22}},"loc":{"start":{"line":74,"column":32},"end":{"line":77,"column":5}},"line":74},"7":{"name":"(anonymous_7)","decl":{"start":{"line":79,"column":17},"end":{"line":79,"column":18}},"loc":{"start":{"line":79,"column":30},"end":{"line":96,"column":3}},"line":79},"8":{"name":"(anonymous_8)","decl":{"start":{"line":81,"column":36},"end":{"line":81,"column":37}},"loc":{"start":{"line":81,"column":47},"end":{"line":85,"column":7}},"line":81},"9":{"name":"(anonymous_9)","decl":{"start":{"line":86,"column":38},"end":{"line":86,"column":39}},"loc":{"start":{"line":86,"column":57},"end":{"line":91,"column":7}},"line":86},"10":{"name":"(anonymous_10)","decl":{"start":{"line":92,"column":37},"end":{"line":92,"column":38}},"loc":{"start":{"line":92,"column":56},"end":{"line":95,"column":7}},"line":92}},"branchMap":{"0":{"loc":{"start":{"line":40,"column":8},"end":{"line":44,"column":9}},"type":"if","locations":[{"start":{"line":40,"column":8},"end":{"line":44,"column":9}},{"start":{"line":42,"column":15},"end":{"line":44,"column":9}}],"line":40},"1":{"loc":{"start":{"line":63,"column":6},"end":{"line":70,"column":7}},"type":"if","locations":[{"start":{"line":63,"column":6},"end":{"line":70,"column":7}},{"start":{},"end":{}}],"line":63},"2":{"loc":{"start":{"line":64,"column":8},"end":{"line":67,"column":43}},"type":"binary-expr","locations":[{"start":{"line":64,"column":8},"end":{"line":64,"column":21}},{"start":{"line":65,"column":8},"end":{"line":65,"column":19}},{"start":{"line":66,"column":8},"end":{"line":66,"column":45}},{"start":{"line":67,"column":8},"end":{"line":67,"column":43}}],"line":64},"3":{"loc":{"start":{"line":94,"column":27},"end":{"line":94,"column":78}},"type":"binary-expr","locations":[{"start":{"line":94,"column":27},"end":{"line":94,"column":47}},{"start":{"line":94,"column":51},"end":{"line":94,"column":78}}],"line":94}},"s":{"0":1,"1":1,"2":0,"3":0,"4":1,"5":2,"6":2,"7":1,"8":1,"9":2,"10":1,"11":1,"12":1,"13":1,"14":0,"15":1,"16":1,"17":1,"18":1,"19":1,"20":1,"21":1,"22":1,"23":1,"24":1,"25":1,"26":1,"27":1,"28":1,"29":1},"f":{"0":0,"1":2,"2":2,"3":1,"4":1,"5":1,"6":1,"7":1,"8":1,"9":1,"10":1},"b":{"0":[1,1],"1":[0,1],"2":[1,1,1,1],"3":[1,0]},"_coverageSchema":"1a1c01bbd47fc00a2c39e90264f33305004495a9","hash":"a94b1ddbd7133ffd9818569d2d566f205d2a9b6d"}
,"/Users/egor/Documents/GitHub/stellar-burgers/src/services/slices/ingredientsSlice.ts": {"path":"/Users/egor/Documents/GitHub/stellar-burgers/src/services/slices/ingredientsSlice.ts","statementMap":{"0":{"start":{"line":11,"column":40},"end":{"line":15,"column":1}},"1":{"start":{"line":17,"column":32},"end":{"line":20,"column":1}},"2":{"start":{"line":22,"column":25},"end":{"line":42,"column":2}},"3":{"start":{"line":27,"column":4},"end":{"line":40,"column":9}},"4":{"start":{"line":29,"column":8},"end":{"line":29,"column":31}},"5":{"start":{"line":30,"column":8},"end":{"line":30,"column":27}},"6":{"start":{"line":33,"column":8},"end":{"line":33,"column":32}},"7":{"start":{"line":34,"column":8},"end":{"line":34,"column":37}},"8":{"start":{"line":37,"column":8},"end":{"line":37,"column":32}},"9":{"start":{"line":38,"column":8},"end":{"line":39,"column":69}}},"fnMap":{"0":{"name":"(anonymous_0)","decl":{"start":{"line":26,"column":17},"end":{"line":26,"column":18}},"loc":{"start":{"line":26,"column":30},"end":{"line":41,"column":3}},"line":26},"1":{"name":"(anonymous_1)","decl":{"start":{"line":28,"column":41},"end":{"line":28,"column":42}},"loc":{"start":{"line":28,"column":52},"end":{"line":31,"column":7}},"line":28},"2":{"name":"(anonymous_2)","decl":{"start":{"line":32,"column":43},"end":{"line":32,"column":44}},"loc":{"start":{"line":32,"column":62},"end":{"line":35,"column":7}},"line":32},"3":{"name":"(anonymous_3)","decl":{"start":{"line":36,"column":42},"end":{"line":36,"column":43}},"loc":{"start":{"line":36,"column":61},"end":{"line":40,"column":7}},"line":36}},"branchMap":{"0":{"loc":{"start":{"line":39,"column":10},"end":{"line":39,"column":68}},"type":"binary-expr","locations":[{"start":{"line":39,"column":10},"end":{"line":39,"column":30}},{"start":{"line":39,"column":34},"end":{"line":39,"column":68}}],"line":39}},"s":{"0":1,"1":1,"2":1,"3":1,"4":1,"5":1,"6":1,"7":1,"8":1,"9":1},"f":{"0":1,"1":1,"2":1,"3":1},"b":{"0":[1,0]},"_coverageSchema":"1a1c01bbd47fc00a2c39e90264f33305004495a9","hash":"7964ed0fceae80524b99018de65b05ffbe6e78ac"}
}
