TN:
SF:src/services/slices/constructorSlice.ts
FN:24,(anonymous_0)
FN:38,(anonymous_1)
FN:46,(anonymous_2)
FN:53,(anonymous_3)
FN:55,(anonymous_4)
FN:58,(anonymous_5)
FN:74,(anonymous_6)
FN:79,(anonymous_7)
FN:81,(anonymous_8)
FN:86,(anonymous_9)
FN:92,(anonymous_10)
FNF:11
FNH:10
FNDA:0,(anonymous_0)
FNDA:2,(anonymous_1)
FNDA:2,(anonymous_2)
FNDA:1,(anonymous_3)
FNDA:1,(anonymous_4)
FNDA:1,(anonymous_5)
FNDA:1,(anonymous_6)
FNDA:1,(anonymous_7)
FNDA:1,(anonymous_8)
FNDA:1,(anonymous_9)
FNDA:1,(anonymous_10)
DA:14,1
DA:22,1
DA:25,0
DA:26,0
DA:33,1
DA:39,2
DA:40,2
DA:41,1
DA:43,1
DA:46,2
DA:54,1
DA:55,1
DA:62,1
DA:63,1
DA:69,0
DA:71,1
DA:72,1
DA:75,1
DA:76,1
DA:80,1
DA:82,1
DA:83,1
DA:84,1
DA:87,1
DA:88,1
DA:89,1
DA:90,1
DA:93,1
DA:94,1
DA:104,1
LF:30
LH:27
BRDA:40,0,0,1
BRDA:40,0,1,1
BRDA:63,1,0,0
BRDA:63,1,1,1
BRDA:64,2,0,1
BRDA:64,2,1,1
BRDA:64,2,2,1
BRDA:64,2,3,1
BRDA:94,3,0,1
BRDA:94,3,1,0
BRF:10
BRH:8
end_of_record
TN:
SF:src/services/slices/ingredientsSlice.ts
FN:26,(anonymous_0)
FN:28,(anonymous_1)
FN:32,(anonymous_2)
FN:36,(anonymous_3)
FNF:4
FNH:4
FNDA:1,(anonymous_0)
FNDA:1,(anonymous_1)
FNDA:1,(anonymous_2)
FNDA:1,(anonymous_3)
DA:11,1
DA:17,1
DA:22,1
DA:27,1
DA:29,1
DA:30,1
DA:33,1
DA:34,1
DA:37,1
DA:38,1
LF:10
LH:10
BRDA:39,0,0,1
BRDA:39,0,1,0
BRF:2
BRH:1
end_of_record
